<?xml version="1.0" encoding="UTF-8"?>
<!-- Generated by org.testng.reporters.JUnitReportReporter -->
<testsuite hostname="INSWL-B7RD3F3" failures="0" tests="1" name="com.selenium.Case.TC004_CreateCaseWithoutMandatoryFields" time="46.800" errors="0" timestamp="2023-09-04T15:10:45 IST" skipped="0">
  <testcase classname="com.selenium.Case.TC004_CreateCaseWithoutMandatoryFields" name="CreateCaseWithoutMandatoryFields" time="46.800"/>
</testsuite> <!-- com.selenium.Case.TC004_CreateCaseWithoutMandatoryFields -->
