<?xml version="1.0" encoding="UTF-8"?>
<!-- Generated by org.testng.reporters.JUnitReportReporter -->
<testsuite hostname="INSWL-B7RD3F3" failures="0" tests="1" name="com.selenium.Salesforce.TC004_CreateCaseWithoutMandatoryFields" time="64.579" errors="0" timestamp="2023-08-29T18:53:42 IST" skipped="0">
  <testcase classname="com.selenium.Salesforce.TC004_CreateCaseWithoutMandatoryFields" name="CreateCaseWithoutMandatoryFields" time="64.579"/>
  <system-out/>
</testsuite> <!-- com.selenium.Salesforce.TC004_CreateCaseWithoutMandatoryFields -->
