<?xml version="1.0" encoding="UTF-8"?>
<!-- Generated by org.testng.reporters.JUnitReportReporter -->
<testsuite hostname="INSWL-B7RD3F3" failures="0" tests="1" name="com.selenium.Salesforce.TC003_DeleteCase" time="47.461" errors="0" timestamp="2023-08-29T18:53:42 IST" skipped="0">
  <testcase classname="com.selenium.Salesforce.TC003_DeleteCase" name="DeleteCase" time="47.461"/>
  <system-out/>
</testsuite> <!-- com.selenium.Salesforce.TC003_DeleteCase -->
