<?xml version="1.0" encoding="UTF-8"?>
<!-- Generated by org.testng.reporters.JUnitReportReporter -->
<testsuite hostname="INSWL-B7RD3F3" failures="0" tests="1" name="com.selenium.account.TC001_CreateAccount" time="40.302" errors="0" timestamp="2023-08-31T16:57:23 IST" skipped="0">
  <testcase classname="com.selenium.account.TC001_CreateAccount" name="CreateAccount" time="40.302"/>
</testsuite> <!-- com.selenium.account.TC001_CreateAccount -->
