<?xml version="1.0" encoding="UTF-8"?>
<!-- Generated by org.testng.reporters.JUnitReportReporter -->
<testsuite hostname="INSWL-B7RD3F3" failures="0" tests="1" name="com.selenium.Salesforce.TC004_VerifySorting" time="411.816" errors="0" timestamp="2023-08-29T21:04:53 IST" skipped="0">
  <testcase classname="com.selenium.Salesforce.TC004_VerifySorting" name="VerifySorting" time="411.816"/>
</testsuite> <!-- com.selenium.Salesforce.TC004_VerifySorting -->
