<?xml version="1.0" encoding="UTF-8"?>
<!-- Generated by org.testng.reporters.JUnitReportReporter -->
<testsuite hostname="INSWL-B7RD3F3" failures="0" tests="1" name="com.selenium.Case.TC003_DeleteCase" time="38.892" errors="0" timestamp="2023-09-04T15:21:14 IST" skipped="0">
  <testcase classname="com.selenium.Case.TC003_DeleteCase" name="DeleteCase" time="38.892"/>
</testsuite> <!-- com.selenium.Case.TC003_DeleteCase -->
