<?xml version="1.0" encoding="UTF-8"?>
<!-- Generated by org.testng.reporters.JUnitReportReporter -->
<testsuite hostname="INSWL-B7RD3F3" failures="0" tests="1" name="com.selenium.account.TC004_VerifySorting" time="44.826" errors="0" timestamp="2023-09-04T11:52:21 IST" skipped="0">
  <testcase classname="com.selenium.account.TC004_VerifySorting" name="VerifySorting" time="44.826"/>
</testsuite> <!-- com.selenium.account.TC004_VerifySorting -->
