<?xml version="1.0" encoding="UTF-8"?>
<!-- Generated by org.testng.reporters.JUnitReportReporter -->
<testsuite hostname="INSWL-B7RD3F3" failures="0" tests="1" name="com.selenium.task.TC03_DeleteTask" time="40.803" errors="0" timestamp="2023-09-04T11:52:21 IST" skipped="0">
  <testcase classname="com.selenium.task.TC03_DeleteTask" name="deleteTask" time="40.803"/>
</testsuite> <!-- com.selenium.task.TC03_DeleteTask -->
