<?xml version="1.0" encoding="UTF-8"?>
<!-- Generated by org.testng.reporters.JUnitReportReporter -->
<testsuite hostname="INSWL-B7RD3F3" failures="0" tests="1" name="com.selenium.Salesforce.TC001_CreatNewCase" time="81.121" errors="0" timestamp="2023-08-31T16:51:46 IST" skipped="0">
  <testcase classname="com.selenium.Salesforce.TC001_CreatNewCase" name="CreateNewCase" time="81.121"/>
</testsuite> <!-- com.selenium.Salesforce.TC001_CreatNewCase -->
